2020-01-14 11:02:01.315  INFO 15796 --- [restartedMain] com.ml.community.CommunityApplication    : Starting CommunityApplication on LAPTOP-NQEOSE1A with PID 15796 (D:\code\community\target\classes started by 小老鼠UFO in D:\code\community)
2020-01-14 11:02:01.318  INFO 15796 --- [restartedMain] com.ml.community.CommunityApplication    : No active profile set, falling back to default profiles: default
2020-01-14 11:02:01.361  INFO 15796 --- [restartedMain] .e.DevToolsPropertyDefaultsPostProcessor : Devtools property defaults active! Set 'spring.devtools.add-properties' to 'false' to disable
2020-01-14 11:02:01.361  INFO 15796 --- [restartedMain] .e.DevToolsPropertyDefaultsPostProcessor : For additional web related logging consider setting the 'logging.level.web' property to 'DEBUG'
2020-01-14 11:02:02.567  INFO 15796 --- [restartedMain] o.s.b.w.embedded.tomcat.TomcatWebServer  : Tomcat initialized with port(s): 8887 (http)
2020-01-14 11:02:02.588  INFO 15796 --- [restartedMain] o.apache.catalina.core.StandardService   : Starting service [Tomcat]
2020-01-14 11:02:02.589  INFO 15796 --- [restartedMain] org.apache.catalina.core.StandardEngine  : Starting Servlet engine: [Apache Tomcat/9.0.17]
2020-01-14 11:02:02.595  INFO 15796 --- [restartedMain] o.a.catalina.core.AprLifecycleListener   : An older version [1.2.16] of the APR based Apache Tomcat Native library is installed, while Tomcat recommends a minimum version of [1.2.21]
2020-01-14 11:02:02.595  INFO 15796 --- [restartedMain] o.a.catalina.core.AprLifecycleListener   : Loaded APR based Apache Tomcat Native library [1.2.16] using APR version [1.6.3].
2020-01-14 11:02:02.596  INFO 15796 --- [restartedMain] o.a.catalina.core.AprLifecycleListener   : APR capabilities: IPv6 [true], sendfile [true], accept filters [false], random [true].
2020-01-14 11:02:02.596  INFO 15796 --- [restartedMain] o.a.catalina.core.AprLifecycleListener   : APR/OpenSSL configuration: useAprConnector [false], useOpenSSL [true]
2020-01-14 11:02:03.660  INFO 15796 --- [restartedMain] o.a.catalina.core.AprLifecycleListener   : OpenSSL successfully initialized [OpenSSL 1.0.2m  2 Nov 2017]
2020-01-14 11:02:03.749  INFO 15796 --- [restartedMain] o.a.c.c.C.[Tomcat].[localhost].[/]       : Initializing Spring embedded WebApplicationContext
2020-01-14 11:02:03.750  INFO 15796 --- [restartedMain] o.s.web.context.ContextLoader            : Root WebApplicationContext: initialization completed in 2387 ms
2020-01-14 11:02:04.155  WARN 15796 --- [restartedMain] ConfigServletWebServerApplicationContext : Exception encountered during context initialization - cancelling refresh attempt: org.springframework.beans.factory.UnsatisfiedDependencyException: Error creating bean with name 'fileController': Unsatisfied dependency expressed through field 'uCloudProvider'; nested exception is org.springframework.beans.factory.BeanCreationException: Error creating bean with name 'UCloudProvider': Injection of autowired dependencies failed; nested exception is java.lang.IllegalArgumentException: Could not resolve placeholder 'ucloud.ufile.public-key' in value "${ucloud.ufile.public-key}"
2020-01-14 11:02:04.157  INFO 15796 --- [restartedMain] o.apache.catalina.core.StandardService   : Stopping service [Tomcat]
2020-01-14 11:02:04.167  INFO 15796 --- [restartedMain] ConditionEvaluationReportLoggingListener : 

Error starting ApplicationContext. To display the conditions report re-run your application with 'debug' enabled.
2020-01-14 11:02:04.175 ERROR 15796 --- [restartedMain] o.s.boot.SpringApplication               : Application run failed

org.springframework.beans.factory.UnsatisfiedDependencyException: Error creating bean with name 'fileController': Unsatisfied dependency expressed through field 'uCloudProvider'; nested exception is org.springframework.beans.factory.BeanCreationException: Error creating bean with name 'UCloudProvider': Injection of autowired dependencies failed; nested exception is java.lang.IllegalArgumentException: Could not resolve placeholder 'ucloud.ufile.public-key' in value "${ucloud.ufile.public-key}"
	at org.springframework.beans.factory.annotation.AutowiredAnnotationBeanPostProcessor$AutowiredFieldElement.inject(AutowiredAnnotationBeanPostProcessor.java:596) ~[spring-beans-5.1.6.RELEASE.jar:5.1.6.RELEASE]
	at org.springframework.beans.factory.annotation.InjectionMetadata.inject(InjectionMetadata.java:90) ~[spring-beans-5.1.6.RELEASE.jar:5.1.6.RELEASE]
	at org.springframework.beans.factory.annotation.AutowiredAnnotationBeanPostProcessor.postProcessProperties(AutowiredAnnotationBeanPostProcessor.java:374) ~[spring-beans-5.1.6.RELEASE.jar:5.1.6.RELEASE]
	at org.springframework.beans.factory.support.AbstractAutowireCapableBeanFactory.populateBean(AbstractAutowireCapableBeanFactory.java:1411) ~[spring-beans-5.1.6.RELEASE.jar:5.1.6.RELEASE]
	at org.springframework.beans.factory.support.AbstractAutowireCapableBeanFactory.doCreateBean(AbstractAutowireCapableBeanFactory.java:592) ~[spring-beans-5.1.6.RELEASE.jar:5.1.6.RELEASE]
	at org.springframework.beans.factory.support.AbstractAutowireCapableBeanFactory.createBean(AbstractAutowireCapableBeanFactory.java:515) ~[spring-beans-5.1.6.RELEASE.jar:5.1.6.RELEASE]
	at org.springframework.beans.factory.support.AbstractBeanFactory.lambda$doGetBean$0(AbstractBeanFactory.java:320) ~[spring-beans-5.1.6.RELEASE.jar:5.1.6.RELEASE]
	at org.springframework.beans.factory.support.DefaultSingletonBeanRegistry.getSingleton(DefaultSingletonBeanRegistry.java:222) ~[spring-beans-5.1.6.RELEASE.jar:5.1.6.RELEASE]
	at org.springframework.beans.factory.support.AbstractBeanFactory.doGetBean(AbstractBeanFactory.java:318) ~[spring-beans-5.1.6.RELEASE.jar:5.1.6.RELEASE]
	at org.springframework.beans.factory.support.AbstractBeanFactory.getBean(AbstractBeanFactory.java:199) ~[spring-beans-5.1.6.RELEASE.jar:5.1.6.RELEASE]
	at org.springframework.beans.factory.support.DefaultListableBeanFactory.preInstantiateSingletons(DefaultListableBeanFactory.java:849) ~[spring-beans-5.1.6.RELEASE.jar:5.1.6.RELEASE]
	at org.springframework.context.support.AbstractApplicationContext.finishBeanFactoryInitialization(AbstractApplicationContext.java:877) ~[spring-context-5.1.6.RELEASE.jar:5.1.6.RELEASE]
	at org.springframework.context.support.AbstractApplicationContext.refresh(AbstractApplicationContext.java:549) ~[spring-context-5.1.6.RELEASE.jar:5.1.6.RELEASE]
	at org.springframework.boot.web.servlet.context.ServletWebServerApplicationContext.refresh(ServletWebServerApplicationContext.java:142) ~[spring-boot-2.1.4.RELEASE.jar:2.1.4.RELEASE]
	at org.springframework.boot.SpringApplication.refresh(SpringApplication.java:775) [spring-boot-2.1.4.RELEASE.jar:2.1.4.RELEASE]
	at org.springframework.boot.SpringApplication.refreshContext(SpringApplication.java:397) [spring-boot-2.1.4.RELEASE.jar:2.1.4.RELEASE]
	at org.springframework.boot.SpringApplication.run(SpringApplication.java:316) [spring-boot-2.1.4.RELEASE.jar:2.1.4.RELEASE]
	at org.springframework.boot.SpringApplication.run(SpringApplication.java:1260) [spring-boot-2.1.4.RELEASE.jar:2.1.4.RELEASE]
	at org.springframework.boot.SpringApplication.run(SpringApplication.java:1248) [spring-boot-2.1.4.RELEASE.jar:2.1.4.RELEASE]
	at com.ml.community.CommunityApplication.main(CommunityApplication.java:14) [classes/:na]
	at sun.reflect.NativeMethodAccessorImpl.invoke0(Native Method) ~[na:1.8.0_231]
	at sun.reflect.NativeMethodAccessorImpl.invoke(NativeMethodAccessorImpl.java:62) ~[na:1.8.0_231]
	at sun.reflect.DelegatingMethodAccessorImpl.invoke(DelegatingMethodAccessorImpl.java:43) ~[na:1.8.0_231]
	at java.lang.reflect.Method.invoke(Method.java:498) ~[na:1.8.0_231]
	at org.springframework.boot.devtools.restart.RestartLauncher.run(RestartLauncher.java:49) [spring-boot-devtools-2.1.4.RELEASE.jar:2.1.4.RELEASE]
Caused by: org.springframework.beans.factory.BeanCreationException: Error creating bean with name 'UCloudProvider': Injection of autowired dependencies failed; nested exception is java.lang.IllegalArgumentException: Could not resolve placeholder 'ucloud.ufile.public-key' in value "${ucloud.ufile.public-key}"
	at org.springframework.beans.factory.annotation.AutowiredAnnotationBeanPostProcessor.postProcessProperties(AutowiredAnnotationBeanPostProcessor.java:380) ~[spring-beans-5.1.6.RELEASE.jar:5.1.6.RELEASE]
	at org.springframework.beans.factory.support.AbstractAutowireCapableBeanFactory.populateBean(AbstractAutowireCapableBeanFactory.java:1411) ~[spring-beans-5.1.6.RELEASE.jar:5.1.6.RELEASE]
	at org.springframework.beans.factory.support.AbstractAutowireCapableBeanFactory.doCreateBean(AbstractAutowireCapableBeanFactory.java:592) ~[spring-beans-5.1.6.RELEASE.jar:5.1.6.RELEASE]
	at org.springframework.beans.factory.support.AbstractAutowireCapableBeanFactory.createBean(AbstractAutowireCapableBeanFactory.java:515) ~[spring-beans-5.1.6.RELEASE.jar:5.1.6.RELEASE]
	at org.springframework.beans.factory.support.AbstractBeanFactory.lambda$doGetBean$0(AbstractBeanFactory.java:320) ~[spring-beans-5.1.6.RELEASE.jar:5.1.6.RELEASE]
	at org.springframework.beans.factory.support.DefaultSingletonBeanRegistry.getSingleton(DefaultSingletonBeanRegistry.java:222) ~[spring-beans-5.1.6.RELEASE.jar:5.1.6.RELEASE]
	at org.springframework.beans.factory.support.AbstractBeanFactory.doGetBean(AbstractBeanFactory.java:318) ~[spring-beans-5.1.6.RELEASE.jar:5.1.6.RELEASE]
	at org.springframework.beans.factory.support.AbstractBeanFactory.getBean(AbstractBeanFactory.java:199) ~[spring-beans-5.1.6.RELEASE.jar:5.1.6.RELEASE]
	at org.springframework.beans.factory.config.DependencyDescriptor.resolveCandidate(DependencyDescriptor.java:277) ~[spring-beans-5.1.6.RELEASE.jar:5.1.6.RELEASE]
	at org.springframework.beans.factory.support.DefaultListableBeanFactory.doResolveDependency(DefaultListableBeanFactory.java:1247) ~[spring-beans-5.1.6.RELEASE.jar:5.1.6.RELEASE]
	at org.springframework.beans.factory.support.DefaultListableBeanFactory.resolveDependency(DefaultListableBeanFactory.java:1167) ~[spring-beans-5.1.6.RELEASE.jar:5.1.6.RELEASE]
	at org.springframework.beans.factory.annotation.AutowiredAnnotationBeanPostProcessor$AutowiredFieldElement.inject(AutowiredAnnotationBeanPostProcessor.java:593) ~[spring-beans-5.1.6.RELEASE.jar:5.1.6.RELEASE]
	... 24 common frames omitted
Caused by: java.lang.IllegalArgumentException: Could not resolve placeholder 'ucloud.ufile.public-key' in value "${ucloud.ufile.public-key}"
	at org.springframework.util.PropertyPlaceholderHelper.parseStringValue(PropertyPlaceholderHelper.java:172) ~[spring-core-5.1.6.RELEASE.jar:5.1.6.RELEASE]
	at org.springframework.util.PropertyPlaceholderHelper.replacePlaceholders(PropertyPlaceholderHelper.java:124) ~[spring-core-5.1.6.RELEASE.jar:5.1.6.RELEASE]
	at org.springframework.core.env.AbstractPropertyResolver.doResolvePlaceholders(AbstractPropertyResolver.java:237) ~[spring-core-5.1.6.RELEASE.jar:5.1.6.RELEASE]
	at org.springframework.core.env.AbstractPropertyResolver.resolveRequiredPlaceholders(AbstractPropertyResolver.java:211) ~[spring-core-5.1.6.RELEASE.jar:5.1.6.RELEASE]
	at org.springframework.context.support.PropertySourcesPlaceholderConfigurer.lambda$processProperties$0(PropertySourcesPlaceholderConfigurer.java:175) ~[spring-context-5.1.6.RELEASE.jar:5.1.6.RELEASE]
	at org.springframework.beans.factory.support.AbstractBeanFactory.resolveEmbeddedValue(AbstractBeanFactory.java:851) ~[spring-beans-5.1.6.RELEASE.jar:5.1.6.RELEASE]
	at org.springframework.beans.factory.support.DefaultListableBeanFactory.doResolveDependency(DefaultListableBeanFactory.java:1188) ~[spring-beans-5.1.6.RELEASE.jar:5.1.6.RELEASE]
	at org.springframework.beans.factory.support.DefaultListableBeanFactory.resolveDependency(DefaultListableBeanFactory.java:1167) ~[spring-beans-5.1.6.RELEASE.jar:5.1.6.RELEASE]
	at org.springframework.beans.factory.annotation.AutowiredAnnotationBeanPostProcessor$AutowiredFieldElement.inject(AutowiredAnnotationBeanPostProcessor.java:593) ~[spring-beans-5.1.6.RELEASE.jar:5.1.6.RELEASE]
	at org.springframework.beans.factory.annotation.InjectionMetadata.inject(InjectionMetadata.java:90) ~[spring-beans-5.1.6.RELEASE.jar:5.1.6.RELEASE]
	at org.springframework.beans.factory.annotation.AutowiredAnnotationBeanPostProcessor.postProcessProperties(AutowiredAnnotationBeanPostProcessor.java:374) ~[spring-beans-5.1.6.RELEASE.jar:5.1.6.RELEASE]
	... 35 common frames omitted

2020-01-14 11:04:28.626  INFO 12780 --- [restartedMain] com.ml.community.CommunityApplication    : Starting CommunityApplication on LAPTOP-NQEOSE1A with PID 12780 (D:\code\community\target\classes started by 小老鼠UFO in D:\code\community)
2020-01-14 11:04:28.629  INFO 12780 --- [restartedMain] com.ml.community.CommunityApplication    : No active profile set, falling back to default profiles: default
2020-01-14 11:04:28.671  INFO 12780 --- [restartedMain] .e.DevToolsPropertyDefaultsPostProcessor : Devtools property defaults active! Set 'spring.devtools.add-properties' to 'false' to disable
2020-01-14 11:04:28.671  INFO 12780 --- [restartedMain] .e.DevToolsPropertyDefaultsPostProcessor : For additional web related logging consider setting the 'logging.level.web' property to 'DEBUG'
2020-01-14 11:04:30.080  INFO 12780 --- [restartedMain] o.s.b.w.embedded.tomcat.TomcatWebServer  : Tomcat initialized with port(s): 8887 (http)
2020-01-14 11:04:30.099  INFO 12780 --- [restartedMain] o.apache.catalina.core.StandardService   : Starting service [Tomcat]
2020-01-14 11:04:30.099  INFO 12780 --- [restartedMain] org.apache.catalina.core.StandardEngine  : Starting Servlet engine: [Apache Tomcat/9.0.17]
2020-01-14 11:04:30.104  INFO 12780 --- [restartedMain] o.a.catalina.core.AprLifecycleListener   : An older version [1.2.16] of the APR based Apache Tomcat Native library is installed, while Tomcat recommends a minimum version of [1.2.21]
2020-01-14 11:04:30.105  INFO 12780 --- [restartedMain] o.a.catalina.core.AprLifecycleListener   : Loaded APR based Apache Tomcat Native library [1.2.16] using APR version [1.6.3].
2020-01-14 11:04:30.105  INFO 12780 --- [restartedMain] o.a.catalina.core.AprLifecycleListener   : APR capabilities: IPv6 [true], sendfile [true], accept filters [false], random [true].
2020-01-14 11:04:30.105  INFO 12780 --- [restartedMain] o.a.catalina.core.AprLifecycleListener   : APR/OpenSSL configuration: useAprConnector [false], useOpenSSL [true]
2020-01-14 11:04:31.160  INFO 12780 --- [restartedMain] o.a.catalina.core.AprLifecycleListener   : OpenSSL successfully initialized [OpenSSL 1.0.2m  2 Nov 2017]
2020-01-14 11:04:31.249  INFO 12780 --- [restartedMain] o.a.c.c.C.[Tomcat].[localhost].[/]       : Initializing Spring embedded WebApplicationContext
2020-01-14 11:04:31.249  INFO 12780 --- [restartedMain] o.s.web.context.ContextLoader            : Root WebApplicationContext: initialization completed in 2578 ms
2020-01-14 11:04:31.832  INFO 12780 --- [restartedMain] o.s.s.concurrent.ThreadPoolTaskExecutor  : Initializing ExecutorService 'applicationTaskExecutor'
2020-01-14 11:04:31.940  INFO 12780 --- [restartedMain] o.s.b.a.w.s.WelcomePageHandlerMapping    : Adding welcome page template: index
2020-01-14 11:04:32.024  INFO 12780 --- [restartedMain] o.s.s.c.ThreadPoolTaskScheduler          : Initializing ExecutorService 'taskScheduler'
2020-01-14 11:04:32.129  INFO 12780 --- [restartedMain] o.s.b.d.a.OptionalLiveReloadServer       : LiveReload server is running on port 35729
2020-01-14 11:04:32.153  INFO 12780 --- [scheduling-1] com.ml.community.schedule.HotTagTasks    : hotTagSchedule start Tue Jan 14 11:04:32 CST 2020
2020-01-14 11:04:32.174  INFO 12780 --- [restartedMain] o.s.b.w.embedded.tomcat.TomcatWebServer  : Tomcat started on port(s): 8887 (http) with context path ''
2020-01-14 11:04:32.178  INFO 12780 --- [restartedMain] com.ml.community.CommunityApplication    : Started CommunityApplication in 3.919 seconds (JVM running for 5.199)
2020-01-14 11:04:32.183  INFO 12780 --- [scheduling-1] com.zaxxer.hikari.HikariDataSource       : HikariPool-1 - Starting...
2020-01-14 11:04:32.261  INFO 12780 --- [scheduling-1] com.zaxxer.hikari.HikariDataSource       : HikariPool-1 - Start completed.
2020-01-14 11:04:32.294  INFO 12780 --- [scheduling-1] com.ml.community.schedule.HotTagTasks    : hotTagSchedule stop Tue Jan 14 11:04:32 CST 2020
2020-01-14 11:04:39.078  INFO 12780 --- [http-nio-8887-exec-1] o.a.c.c.C.[Tomcat].[localhost].[/]       : Initializing Spring DispatcherServlet 'dispatcherServlet'
2020-01-14 11:04:39.078  INFO 12780 --- [http-nio-8887-exec-1] o.s.web.servlet.DispatcherServlet        : Initializing Servlet 'dispatcherServlet'
2020-01-14 11:04:39.085  INFO 12780 --- [http-nio-8887-exec-1] o.s.web.servlet.DispatcherServlet        : Completed initialization in 6 ms
2020-01-14 11:05:20.881 ERROR 12780 --- [http-nio-8887-exec-3] c.m.c.controller.AuthorizeController     : callback get github error,GithubUser(name=null, id=null, bio=null, avatarUrl=null)
2020-01-14 11:05:27.935 ERROR 12780 --- [http-nio-8887-exec-6] c.m.c.controller.AuthorizeController     : callback get github error,GithubUser(name=null, id=null, bio=null, avatarUrl=null)
2020-01-14 11:05:39.933 ERROR 12780 --- [http-nio-8887-exec-7] c.m.c.controller.AuthorizeController     : callback get github error,GithubUser(name=null, id=null, bio=null, avatarUrl=null)
2020-01-14 11:18:13.521 ERROR 12780 --- [http-nio-8887-exec-2] c.m.c.controller.AuthorizeController     : callback get github error,GithubUser(name=null, id=null, bio=null, avatarUrl=null)
2020-01-14 11:20:27.137  INFO 15744 --- [restartedMain] com.ml.community.CommunityApplication    : Starting CommunityApplication on LAPTOP-NQEOSE1A with PID 15744 (D:\code\community\target\classes started by 小老鼠UFO in D:\code\community)
2020-01-14 11:20:27.139  INFO 15744 --- [restartedMain] com.ml.community.CommunityApplication    : No active profile set, falling back to default profiles: default
2020-01-14 11:20:27.179  INFO 15744 --- [restartedMain] .e.DevToolsPropertyDefaultsPostProcessor : Devtools property defaults active! Set 'spring.devtools.add-properties' to 'false' to disable
2020-01-14 11:20:27.180  INFO 15744 --- [restartedMain] .e.DevToolsPropertyDefaultsPostProcessor : For additional web related logging consider setting the 'logging.level.web' property to 'DEBUG'
2020-01-14 11:20:28.411  INFO 15744 --- [restartedMain] o.s.b.w.embedded.tomcat.TomcatWebServer  : Tomcat initialized with port(s): 8887 (http)
2020-01-14 11:20:28.431  INFO 15744 --- [restartedMain] o.apache.catalina.core.StandardService   : Starting service [Tomcat]
2020-01-14 11:20:28.432  INFO 15744 --- [restartedMain] org.apache.catalina.core.StandardEngine  : Starting Servlet engine: [Apache Tomcat/9.0.17]
2020-01-14 11:20:28.438  INFO 15744 --- [restartedMain] o.a.catalina.core.AprLifecycleListener   : An older version [1.2.16] of the APR based Apache Tomcat Native library is installed, while Tomcat recommends a minimum version of [1.2.21]
2020-01-14 11:20:28.438  INFO 15744 --- [restartedMain] o.a.catalina.core.AprLifecycleListener   : Loaded APR based Apache Tomcat Native library [1.2.16] using APR version [1.6.3].
2020-01-14 11:20:28.438  INFO 15744 --- [restartedMain] o.a.catalina.core.AprLifecycleListener   : APR capabilities: IPv6 [true], sendfile [true], accept filters [false], random [true].
2020-01-14 11:20:28.438  INFO 15744 --- [restartedMain] o.a.catalina.core.AprLifecycleListener   : APR/OpenSSL configuration: useAprConnector [false], useOpenSSL [true]
2020-01-14 11:20:29.488  INFO 15744 --- [restartedMain] o.a.catalina.core.AprLifecycleListener   : OpenSSL successfully initialized [OpenSSL 1.0.2m  2 Nov 2017]
2020-01-14 11:20:29.575  INFO 15744 --- [restartedMain] o.a.c.c.C.[Tomcat].[localhost].[/]       : Initializing Spring embedded WebApplicationContext
2020-01-14 11:20:29.576  INFO 15744 --- [restartedMain] o.s.web.context.ContextLoader            : Root WebApplicationContext: initialization completed in 2396 ms
2020-01-14 11:20:30.147  INFO 15744 --- [restartedMain] o.s.s.concurrent.ThreadPoolTaskExecutor  : Initializing ExecutorService 'applicationTaskExecutor'
2020-01-14 11:20:30.255  INFO 15744 --- [restartedMain] o.s.b.a.w.s.WelcomePageHandlerMapping    : Adding welcome page template: index
2020-01-14 11:20:30.333  INFO 15744 --- [restartedMain] o.s.s.c.ThreadPoolTaskScheduler          : Initializing ExecutorService 'taskScheduler'
2020-01-14 11:20:30.435  INFO 15744 --- [restartedMain] o.s.b.d.a.OptionalLiveReloadServer       : LiveReload server is running on port 35729
2020-01-14 11:20:30.458  INFO 15744 --- [scheduling-1] com.ml.community.schedule.HotTagTasks    : hotTagSchedule start Tue Jan 14 11:20:30 CST 2020
2020-01-14 11:20:30.479  INFO 15744 --- [restartedMain] o.s.b.w.embedded.tomcat.TomcatWebServer  : Tomcat started on port(s): 8887 (http) with context path ''
2020-01-14 11:20:30.481  INFO 15744 --- [restartedMain] com.ml.community.CommunityApplication    : Started CommunityApplication in 3.69 seconds (JVM running for 5.053)
2020-01-14 11:20:30.489  INFO 15744 --- [scheduling-1] com.zaxxer.hikari.HikariDataSource       : HikariPool-1 - Starting...
2020-01-14 11:20:30.570  INFO 15744 --- [scheduling-1] com.zaxxer.hikari.HikariDataSource       : HikariPool-1 - Start completed.
2020-01-14 11:20:30.603  INFO 15744 --- [scheduling-1] com.ml.community.schedule.HotTagTasks    : hotTagSchedule stop Tue Jan 14 11:20:30 CST 2020
2020-01-14 11:20:35.088  INFO 15744 --- [http-nio-8887-exec-1] o.a.c.c.C.[Tomcat].[localhost].[/]       : Initializing Spring DispatcherServlet 'dispatcherServlet'
2020-01-14 11:20:35.088  INFO 15744 --- [http-nio-8887-exec-1] o.s.web.servlet.DispatcherServlet        : Initializing Servlet 'dispatcherServlet'
2020-01-14 11:20:35.095  INFO 15744 --- [http-nio-8887-exec-1] o.s.web.servlet.DispatcherServlet        : Completed initialization in 7 ms
2020-01-14 11:20:40.943 ERROR 15744 --- [http-nio-8887-exec-1] c.m.c.controller.AuthorizeController     : callback get github error,GithubUser(name=null, id=null, bio=null, avatarUrl=null)
2020-01-14 11:21:09.273 ERROR 15744 --- [http-nio-8887-exec-6] c.m.c.controller.AuthorizeController     : callback get github error,GithubUser(name=null, id=null, bio=null, avatarUrl=null)
2020-01-14 11:21:17.598 ERROR 15744 --- [http-nio-8887-exec-3] c.m.c.controller.AuthorizeController     : callback get github error,GithubUser(name=null, id=null, bio=null, avatarUrl=null)
2020-01-14 11:21:21.697 ERROR 15744 --- [http-nio-8887-exec-7] c.m.c.controller.AuthorizeController     : callback get github error,GithubUser(name=null, id=null, bio=null, avatarUrl=null)
2020-01-14 11:35:52.206  INFO 15796 --- [restartedMain] com.ml.community.CommunityApplication    : Starting CommunityApplication on LAPTOP-NQEOSE1A with PID 15796 (D:\code\community\target\classes started by 小老鼠UFO in D:\code\community)
2020-01-14 11:35:52.210  INFO 15796 --- [restartedMain] com.ml.community.CommunityApplication    : No active profile set, falling back to default profiles: default
2020-01-14 11:35:52.249  INFO 15796 --- [restartedMain] .e.DevToolsPropertyDefaultsPostProcessor : Devtools property defaults active! Set 'spring.devtools.add-properties' to 'false' to disable
2020-01-14 11:35:52.249  INFO 15796 --- [restartedMain] .e.DevToolsPropertyDefaultsPostProcessor : For additional web related logging consider setting the 'logging.level.web' property to 'DEBUG'
2020-01-14 11:35:53.514  INFO 15796 --- [restartedMain] o.s.b.w.embedded.tomcat.TomcatWebServer  : Tomcat initialized with port(s): 8887 (http)
2020-01-14 11:35:53.533  INFO 15796 --- [restartedMain] o.apache.catalina.core.StandardService   : Starting service [Tomcat]
2020-01-14 11:35:53.534  INFO 15796 --- [restartedMain] org.apache.catalina.core.StandardEngine  : Starting Servlet engine: [Apache Tomcat/9.0.17]
2020-01-14 11:35:53.540  INFO 15796 --- [restartedMain] o.a.catalina.core.AprLifecycleListener   : An older version [1.2.16] of the APR based Apache Tomcat Native library is installed, while Tomcat recommends a minimum version of [1.2.21]
2020-01-14 11:35:53.541  INFO 15796 --- [restartedMain] o.a.catalina.core.AprLifecycleListener   : Loaded APR based Apache Tomcat Native library [1.2.16] using APR version [1.6.3].
2020-01-14 11:35:53.541  INFO 15796 --- [restartedMain] o.a.catalina.core.AprLifecycleListener   : APR capabilities: IPv6 [true], sendfile [true], accept filters [false], random [true].
2020-01-14 11:35:53.541  INFO 15796 --- [restartedMain] o.a.catalina.core.AprLifecycleListener   : APR/OpenSSL configuration: useAprConnector [false], useOpenSSL [true]
2020-01-14 11:35:54.600  INFO 15796 --- [restartedMain] o.a.catalina.core.AprLifecycleListener   : OpenSSL successfully initialized [OpenSSL 1.0.2m  2 Nov 2017]
2020-01-14 11:35:54.690  INFO 15796 --- [restartedMain] o.a.c.c.C.[Tomcat].[localhost].[/]       : Initializing Spring embedded WebApplicationContext
2020-01-14 11:35:54.690  INFO 15796 --- [restartedMain] o.s.web.context.ContextLoader            : Root WebApplicationContext: initialization completed in 2440 ms
2020-01-14 11:35:55.243  INFO 15796 --- [restartedMain] o.s.s.concurrent.ThreadPoolTaskExecutor  : Initializing ExecutorService 'applicationTaskExecutor'
2020-01-14 11:35:55.350  INFO 15796 --- [restartedMain] o.s.b.a.w.s.WelcomePageHandlerMapping    : Adding welcome page template: index
2020-01-14 11:35:55.429  INFO 15796 --- [restartedMain] o.s.s.c.ThreadPoolTaskScheduler          : Initializing ExecutorService 'taskScheduler'
2020-01-14 11:35:55.532  INFO 15796 --- [restartedMain] o.s.b.d.a.OptionalLiveReloadServer       : LiveReload server is running on port 35729
2020-01-14 11:35:55.558  INFO 15796 --- [scheduling-1] com.ml.community.schedule.HotTagTasks    : hotTagSchedule start Tue Jan 14 11:35:55 CST 2020
2020-01-14 11:35:55.578  INFO 15796 --- [restartedMain] o.s.b.w.embedded.tomcat.TomcatWebServer  : Tomcat started on port(s): 8887 (http) with context path ''
2020-01-14 11:35:55.581  INFO 15796 --- [restartedMain] com.ml.community.CommunityApplication    : Started CommunityApplication in 3.668 seconds (JVM running for 4.994)
2020-01-14 11:35:55.586  INFO 15796 --- [scheduling-1] com.zaxxer.hikari.HikariDataSource       : HikariPool-1 - Starting...
2020-01-14 11:35:55.679  INFO 15796 --- [scheduling-1] com.zaxxer.hikari.HikariDataSource       : HikariPool-1 - Start completed.
2020-01-14 11:35:55.714  INFO 15796 --- [scheduling-1] com.ml.community.schedule.HotTagTasks    : hotTagSchedule stop Tue Jan 14 11:35:55 CST 2020
2020-01-14 15:51:24.240  INFO 17956 --- [restartedMain] com.ml.community.CommunityApplication    : Starting CommunityApplication on LAPTOP-NQEOSE1A with PID 17956 (started by 小老鼠UFO in C:\Users\小老鼠UFO\Desktop\community)
2020-01-14 15:51:24.244  INFO 17956 --- [restartedMain] com.ml.community.CommunityApplication    : No active profile set, falling back to default profiles: default
2020-01-14 15:51:24.325  INFO 17956 --- [restartedMain] .e.DevToolsPropertyDefaultsPostProcessor : Devtools property defaults active! Set 'spring.devtools.add-properties' to 'false' to disable
2020-01-14 15:51:24.325  INFO 17956 --- [restartedMain] .e.DevToolsPropertyDefaultsPostProcessor : For additional web related logging consider setting the 'logging.level.web' property to 'DEBUG'
2020-01-14 15:51:26.072  INFO 17956 --- [restartedMain] o.s.b.w.embedded.tomcat.TomcatWebServer  : Tomcat initialized with port(s): 8887 (http)
2020-01-14 15:51:26.113  INFO 17956 --- [restartedMain] o.apache.catalina.core.StandardService   : Starting service [Tomcat]
2020-01-14 15:51:26.113  INFO 17956 --- [restartedMain] org.apache.catalina.core.StandardEngine  : Starting Servlet engine: [Apache Tomcat/9.0.17]
2020-01-14 15:51:26.135  INFO 17956 --- [restartedMain] o.a.catalina.core.AprLifecycleListener   : An older version [1.2.16] of the APR based Apache Tomcat Native library is installed, while Tomcat recommends a minimum version of [1.2.21]
2020-01-14 15:51:26.136  INFO 17956 --- [restartedMain] o.a.catalina.core.AprLifecycleListener   : Loaded APR based Apache Tomcat Native library [1.2.16] using APR version [1.6.3].
2020-01-14 15:51:26.136  INFO 17956 --- [restartedMain] o.a.catalina.core.AprLifecycleListener   : APR capabilities: IPv6 [true], sendfile [true], accept filters [false], random [true].
2020-01-14 15:51:26.137  INFO 17956 --- [restartedMain] o.a.catalina.core.AprLifecycleListener   : APR/OpenSSL configuration: useAprConnector [false], useOpenSSL [true]
2020-01-14 15:51:27.206  INFO 17956 --- [restartedMain] o.a.catalina.core.AprLifecycleListener   : OpenSSL successfully initialized [OpenSSL 1.0.2m  2 Nov 2017]
2020-01-14 15:51:27.327  INFO 17956 --- [restartedMain] o.a.c.c.C.[Tomcat].[localhost].[/]       : Initializing Spring embedded WebApplicationContext
2020-01-14 15:51:27.327  INFO 17956 --- [restartedMain] o.s.web.context.ContextLoader            : Root WebApplicationContext: initialization completed in 3002 ms
2020-01-14 15:51:27.957  INFO 17956 --- [restartedMain] o.s.s.concurrent.ThreadPoolTaskExecutor  : Initializing ExecutorService 'applicationTaskExecutor'
2020-01-14 15:51:28.077  INFO 17956 --- [restartedMain] o.s.b.a.w.s.WelcomePageHandlerMapping    : Adding welcome page template: index
2020-01-14 15:51:28.175  INFO 17956 --- [restartedMain] o.s.s.c.ThreadPoolTaskScheduler          : Initializing ExecutorService 'taskScheduler'
2020-01-14 15:51:28.623  INFO 17956 --- [restartedMain] o.s.b.d.a.OptionalLiveReloadServer       : LiveReload server is running on port 35729
2020-01-14 15:51:28.664  INFO 17956 --- [scheduling-1] com.ml.community.schedule.HotTagTasks    : hotTagSchedule start Tue Jan 14 15:51:28 CST 2020
2020-01-14 15:51:28.686  INFO 17956 --- [restartedMain] o.s.b.w.embedded.tomcat.TomcatWebServer  : Tomcat started on port(s): 8887 (http) with context path ''
2020-01-14 15:51:28.691  INFO 17956 --- [restartedMain] com.ml.community.CommunityApplication    : Started CommunityApplication in 4.842 seconds (JVM running for 6.331)
2020-01-14 15:51:28.710  INFO 17956 --- [scheduling-1] com.zaxxer.hikari.HikariDataSource       : HikariPool-1 - Starting...
2020-01-14 15:51:28.829  INFO 17956 --- [scheduling-1] com.zaxxer.hikari.HikariDataSource       : HikariPool-1 - Start completed.
2020-01-14 15:51:28.877  INFO 17956 --- [scheduling-1] com.ml.community.schedule.HotTagTasks    : hotTagSchedule stop Tue Jan 14 15:51:28 CST 2020
2020-01-14 15:51:38.837  INFO 17956 --- [http-nio-8887-exec-10] o.a.c.c.C.[Tomcat].[localhost].[/]       : Initializing Spring DispatcherServlet 'dispatcherServlet'
2020-01-14 15:51:38.837  INFO 17956 --- [http-nio-8887-exec-10] o.s.web.servlet.DispatcherServlet        : Initializing Servlet 'dispatcherServlet'
2020-01-14 15:51:38.848  INFO 17956 --- [http-nio-8887-exec-10] o.s.web.servlet.DispatcherServlet        : Completed initialization in 10 ms
2020-01-14 15:59:23.823  INFO 14176 --- [restartedMain] com.ml.community.CommunityApplication    : Starting CommunityApplication on LAPTOP-NQEOSE1A with PID 14176 (started by 小老鼠UFO in C:\Users\小老鼠UFO\Desktop\community)
2020-01-14 15:59:23.828  INFO 14176 --- [restartedMain] com.ml.community.CommunityApplication    : No active profile set, falling back to default profiles: default
2020-01-14 15:59:23.898  INFO 14176 --- [restartedMain] .e.DevToolsPropertyDefaultsPostProcessor : Devtools property defaults active! Set 'spring.devtools.add-properties' to 'false' to disable
2020-01-14 15:59:23.899  INFO 14176 --- [restartedMain] .e.DevToolsPropertyDefaultsPostProcessor : For additional web related logging consider setting the 'logging.level.web' property to 'DEBUG'
2020-01-14 15:59:25.480  INFO 14176 --- [restartedMain] o.s.b.w.embedded.tomcat.TomcatWebServer  : Tomcat initialized with port(s): 8887 (http)
2020-01-14 15:59:25.503  INFO 14176 --- [restartedMain] o.apache.catalina.core.StandardService   : Starting service [Tomcat]
2020-01-14 15:59:25.503  INFO 14176 --- [restartedMain] org.apache.catalina.core.StandardEngine  : Starting Servlet engine: [Apache Tomcat/9.0.17]
2020-01-14 15:59:25.510  INFO 14176 --- [restartedMain] o.a.catalina.core.AprLifecycleListener   : An older version [1.2.16] of the APR based Apache Tomcat Native library is installed, while Tomcat recommends a minimum version of [1.2.21]
2020-01-14 15:59:25.510  INFO 14176 --- [restartedMain] o.a.catalina.core.AprLifecycleListener   : Loaded APR based Apache Tomcat Native library [1.2.16] using APR version [1.6.3].
2020-01-14 15:59:25.510  INFO 14176 --- [restartedMain] o.a.catalina.core.AprLifecycleListener   : APR capabilities: IPv6 [true], sendfile [true], accept filters [false], random [true].
2020-01-14 15:59:25.511  INFO 14176 --- [restartedMain] o.a.catalina.core.AprLifecycleListener   : APR/OpenSSL configuration: useAprConnector [false], useOpenSSL [true]
2020-01-14 15:59:26.606  INFO 14176 --- [restartedMain] o.a.catalina.core.AprLifecycleListener   : OpenSSL successfully initialized [OpenSSL 1.0.2m  2 Nov 2017]
2020-01-14 15:59:26.767  INFO 14176 --- [restartedMain] o.a.c.c.C.[Tomcat].[localhost].[/]       : Initializing Spring embedded WebApplicationContext
2020-01-14 15:59:26.767  INFO 14176 --- [restartedMain] o.s.web.context.ContextLoader            : Root WebApplicationContext: initialization completed in 2868 ms
2020-01-14 15:59:27.471  INFO 14176 --- [restartedMain] o.s.s.concurrent.ThreadPoolTaskExecutor  : Initializing ExecutorService 'applicationTaskExecutor'
2020-01-14 15:59:27.595  INFO 14176 --- [restartedMain] o.s.b.a.w.s.WelcomePageHandlerMapping    : Adding welcome page template: index
2020-01-14 15:59:27.692  INFO 14176 --- [restartedMain] o.s.s.c.ThreadPoolTaskScheduler          : Initializing ExecutorService 'taskScheduler'
2020-01-14 15:59:28.103  INFO 14176 --- [restartedMain] o.s.b.d.a.OptionalLiveReloadServer       : LiveReload server is running on port 35729
2020-01-14 15:59:28.132  INFO 14176 --- [scheduling-1] com.ml.community.schedule.HotTagTasks    : hotTagSchedule start Tue Jan 14 15:59:28 CST 2020
2020-01-14 15:59:28.156  INFO 14176 --- [restartedMain] o.s.b.w.embedded.tomcat.TomcatWebServer  : Tomcat started on port(s): 8887 (http) with context path ''
2020-01-14 15:59:28.159  INFO 14176 --- [restartedMain] com.ml.community.CommunityApplication    : Started CommunityApplication in 4.776 seconds (JVM running for 6.21)
2020-01-14 15:59:28.168  INFO 14176 --- [scheduling-1] com.zaxxer.hikari.HikariDataSource       : HikariPool-1 - Starting...
2020-01-14 15:59:28.267  INFO 14176 --- [scheduling-1] com.zaxxer.hikari.HikariDataSource       : HikariPool-1 - Start completed.
2020-01-14 15:59:28.310  INFO 14176 --- [scheduling-1] com.ml.community.schedule.HotTagTasks    : hotTagSchedule stop Tue Jan 14 15:59:28 CST 2020
2020-01-14 15:59:30.428  INFO 14176 --- [http-nio-8887-exec-1] o.a.c.c.C.[Tomcat].[localhost].[/]       : Initializing Spring DispatcherServlet 'dispatcherServlet'
2020-01-14 15:59:30.431  INFO 14176 --- [http-nio-8887-exec-1] o.s.web.servlet.DispatcherServlet        : Initializing Servlet 'dispatcherServlet'
2020-01-14 15:59:30.445  INFO 14176 --- [http-nio-8887-exec-1] o.s.web.servlet.DispatcherServlet        : Completed initialization in 13 ms
2020-01-14 17:17:22.490  INFO 14176 --- [Thread-13] o.s.s.c.ThreadPoolTaskScheduler          : Shutting down ExecutorService 'taskScheduler'
2020-01-14 17:17:22.493  INFO 14176 --- [Thread-13] o.s.s.concurrent.ThreadPoolTaskExecutor  : Shutting down ExecutorService 'applicationTaskExecutor'
2020-01-14 17:17:22.494  INFO 14176 --- [Thread-13] com.zaxxer.hikari.HikariDataSource       : HikariPool-1 - Shutdown initiated...
2020-01-14 17:17:22.499  INFO 14176 --- [Thread-13] com.zaxxer.hikari.HikariDataSource       : HikariPool-1 - Shutdown completed.
2020-01-14 17:17:23.616  INFO 14176 --- [restartedMain] com.ml.community.CommunityApplication    : Starting CommunityApplication on LAPTOP-NQEOSE1A with PID 14176 (started by 小老鼠UFO in C:\Users\小老鼠UFO\Desktop\community)
2020-01-14 17:17:23.617  INFO 14176 --- [restartedMain] com.ml.community.CommunityApplication    : No active profile set, falling back to default profiles: default
2020-01-14 17:17:24.238  INFO 14176 --- [restartedMain] o.s.b.w.embedded.tomcat.TomcatWebServer  : Tomcat initialized with port(s): 8887 (http)
2020-01-14 17:17:24.239  INFO 14176 --- [restartedMain] o.apache.catalina.core.StandardService   : Starting service [Tomcat]
2020-01-14 17:17:24.240  INFO 14176 --- [restartedMain] org.apache.catalina.core.StandardEngine  : Starting Servlet engine: [Apache Tomcat/9.0.17]
2020-01-14 17:17:24.240  INFO 14176 --- [restartedMain] o.a.catalina.core.AprLifecycleListener   : An older version [1.2.16] of the APR based Apache Tomcat Native library is installed, while Tomcat recommends a minimum version of [1.2.21]
2020-01-14 17:17:24.240  INFO 14176 --- [restartedMain] o.a.catalina.core.AprLifecycleListener   : Loaded APR based Apache Tomcat Native library [1.2.16] using APR version [1.6.3].
2020-01-14 17:17:24.241  INFO 14176 --- [restartedMain] o.a.catalina.core.AprLifecycleListener   : APR capabilities: IPv6 [true], sendfile [true], accept filters [false], random [true].
2020-01-14 17:17:24.241  INFO 14176 --- [restartedMain] o.a.catalina.core.AprLifecycleListener   : APR/OpenSSL configuration: useAprConnector [false], useOpenSSL [true]
2020-01-14 17:17:24.241  INFO 14176 --- [restartedMain] o.a.catalina.core.AprLifecycleListener   : OpenSSL successfully initialized [OpenSSL 1.0.2m  2 Nov 2017]
2020-01-14 17:17:24.277  INFO 14176 --- [restartedMain] o.a.c.c.C.[Tomcat].[localhost].[/]       : Initializing Spring embedded WebApplicationContext
2020-01-14 17:17:24.277  INFO 14176 --- [restartedMain] o.s.web.context.ContextLoader            : Root WebApplicationContext: initialization completed in 657 ms
2020-01-14 17:17:24.556  INFO 14176 --- [restartedMain] o.s.s.concurrent.ThreadPoolTaskExecutor  : Initializing ExecutorService 'applicationTaskExecutor'
2020-01-14 17:17:24.606  INFO 14176 --- [restartedMain] o.s.b.a.w.s.WelcomePageHandlerMapping    : Adding welcome page template: index
2020-01-14 17:17:24.638  INFO 14176 --- [restartedMain] o.s.s.c.ThreadPoolTaskScheduler          : Initializing ExecutorService 'taskScheduler'
2020-01-14 17:17:25.047  INFO 14176 --- [restartedMain] o.s.b.d.a.OptionalLiveReloadServer       : LiveReload server is running on port 35729
2020-01-14 17:17:25.065  INFO 14176 --- [scheduling-1] com.ml.community.schedule.HotTagTasks    : hotTagSchedule start Tue Jan 14 17:17:25 CST 2020
2020-01-14 17:17:25.070  INFO 14176 --- [restartedMain] o.s.b.w.embedded.tomcat.TomcatWebServer  : Tomcat started on port(s): 8887 (http) with context path ''
2020-01-14 17:17:25.071  INFO 14176 --- [restartedMain] com.ml.community.CommunityApplication    : Started CommunityApplication in 1.504 seconds (JVM running for 4683.121)
2020-01-14 17:17:25.071  INFO 14176 --- [scheduling-1] com.zaxxer.hikari.HikariDataSource       : HikariPool-2 - Starting...
2020-01-14 17:17:25.073  INFO 14176 --- [restartedMain] .ConditionEvaluationDeltaLoggingListener : Condition evaluation unchanged
2020-01-14 17:17:25.075  INFO 14176 --- [scheduling-1] com.zaxxer.hikari.HikariDataSource       : HikariPool-2 - Start completed.
2020-01-14 17:17:25.078  INFO 14176 --- [scheduling-1] com.ml.community.schedule.HotTagTasks    : hotTagSchedule stop Tue Jan 14 17:17:25 CST 2020
2020-01-14 17:26:29.493  INFO 14176 --- [Thread-22] o.s.s.c.ThreadPoolTaskScheduler          : Shutting down ExecutorService 'taskScheduler'
2020-01-14 17:26:29.494  INFO 14176 --- [Thread-22] o.s.s.concurrent.ThreadPoolTaskExecutor  : Shutting down ExecutorService 'applicationTaskExecutor'
2020-01-14 17:26:29.494  INFO 14176 --- [Thread-22] com.zaxxer.hikari.HikariDataSource       : HikariPool-2 - Shutdown initiated...
2020-01-14 17:26:29.499  INFO 14176 --- [Thread-22] com.zaxxer.hikari.HikariDataSource       : HikariPool-2 - Shutdown completed.
2020-01-14 17:26:30.569  INFO 14176 --- [restartedMain] com.ml.community.CommunityApplication    : Starting CommunityApplication on LAPTOP-NQEOSE1A with PID 14176 (started by 小老鼠UFO in C:\Users\小老鼠UFO\Desktop\community)
2020-01-14 17:26:30.569  INFO 14176 --- [restartedMain] com.ml.community.CommunityApplication    : No active profile set, falling back to default profiles: default
2020-01-14 17:26:31.075  INFO 14176 --- [restartedMain] o.s.b.w.embedded.tomcat.TomcatWebServer  : Tomcat initialized with port(s): 8887 (http)
2020-01-14 17:26:31.076  INFO 14176 --- [restartedMain] o.apache.catalina.core.StandardService   : Starting service [Tomcat]
2020-01-14 17:26:31.076  INFO 14176 --- [restartedMain] org.apache.catalina.core.StandardEngine  : Starting Servlet engine: [Apache Tomcat/9.0.17]
2020-01-14 17:26:31.076  INFO 14176 --- [restartedMain] o.a.catalina.core.AprLifecycleListener   : An older version [1.2.16] of the APR based Apache Tomcat Native library is installed, while Tomcat recommends a minimum version of [1.2.21]
2020-01-14 17:26:31.076  INFO 14176 --- [restartedMain] o.a.catalina.core.AprLifecycleListener   : Loaded APR based Apache Tomcat Native library [1.2.16] using APR version [1.6.3].
2020-01-14 17:26:31.077  INFO 14176 --- [restartedMain] o.a.catalina.core.AprLifecycleListener   : APR capabilities: IPv6 [true], sendfile [true], accept filters [false], random [true].
2020-01-14 17:26:31.077  INFO 14176 --- [restartedMain] o.a.catalina.core.AprLifecycleListener   : APR/OpenSSL configuration: useAprConnector [false], useOpenSSL [true]
2020-01-14 17:26:31.077  INFO 14176 --- [restartedMain] o.a.catalina.core.AprLifecycleListener   : OpenSSL successfully initialized [OpenSSL 1.0.2m  2 Nov 2017]
2020-01-14 17:26:31.100  INFO 14176 --- [restartedMain] o.a.c.c.C.[Tomcat].[localhost].[/]       : Initializing Spring embedded WebApplicationContext
2020-01-14 17:26:31.100  INFO 14176 --- [restartedMain] o.s.web.context.ContextLoader            : Root WebApplicationContext: initialization completed in 527 ms
2020-01-14 17:26:31.221  WARN 14176 --- [restartedMain] ConfigServletWebServerApplicationContext : Exception encountered during context initialization - cancelling refresh attempt: org.springframework.beans.factory.UnsatisfiedDependencyException: Error creating bean with name 'commentController': Unsatisfied dependency expressed through field 'commentService'; nested exception is org.springframework.beans.factory.BeanCreationException: Error creating bean with name 'commentService' defined in file [C:\Users\小老鼠UFO\Desktop\community\target\classes\com\ml\community\service\CommentService.class]: Post-processing of merged bean definition failed; nested exception is java.lang.IllegalStateException: Failed to introspect Class [com.ml.community.service.CommentService] from ClassLoader [org.springframework.boot.devtools.restart.classloader.RestartClassLoader@416d53fd]
2020-01-14 17:26:31.222  INFO 14176 --- [restartedMain] o.apache.catalina.core.StandardService   : Stopping service [Tomcat]
2020-01-14 17:26:31.230  INFO 14176 --- [restartedMain] ConditionEvaluationReportLoggingListener : 

Error starting ApplicationContext. To display the conditions report re-run your application with 'debug' enabled.
2020-01-14 17:26:31.241 ERROR 14176 --- [restartedMain] o.s.boot.SpringApplication               : Application run failed

org.springframework.beans.factory.UnsatisfiedDependencyException: Error creating bean with name 'commentController': Unsatisfied dependency expressed through field 'commentService'; nested exception is org.springframework.beans.factory.BeanCreationException: Error creating bean with name 'commentService' defined in file [C:\Users\小老鼠UFO\Desktop\community\target\classes\com\ml\community\service\CommentService.class]: Post-processing of merged bean definition failed; nested exception is java.lang.IllegalStateException: Failed to introspect Class [com.ml.community.service.CommentService] from ClassLoader [org.springframework.boot.devtools.restart.classloader.RestartClassLoader@416d53fd]
	at org.springframework.beans.factory.annotation.AutowiredAnnotationBeanPostProcessor$AutowiredFieldElement.inject(AutowiredAnnotationBeanPostProcessor.java:596) ~[spring-beans-5.1.6.RELEASE.jar:5.1.6.RELEASE]
	at org.springframework.beans.factory.annotation.InjectionMetadata.inject(InjectionMetadata.java:90) ~[spring-beans-5.1.6.RELEASE.jar:5.1.6.RELEASE]
	at org.springframework.beans.factory.annotation.AutowiredAnnotationBeanPostProcessor.postProcessProperties(AutowiredAnnotationBeanPostProcessor.java:374) ~[spring-beans-5.1.6.RELEASE.jar:5.1.6.RELEASE]
	at org.springframework.beans.factory.support.AbstractAutowireCapableBeanFactory.populateBean(AbstractAutowireCapableBeanFactory.java:1411) ~[spring-beans-5.1.6.RELEASE.jar:5.1.6.RELEASE]
	at org.springframework.beans.factory.support.AbstractAutowireCapableBeanFactory.doCreateBean(AbstractAutowireCapableBeanFactory.java:592) ~[spring-beans-5.1.6.RELEASE.jar:5.1.6.RELEASE]
	at org.springframework.beans.factory.support.AbstractAutowireCapableBeanFactory.createBean(AbstractAutowireCapableBeanFactory.java:515) ~[spring-beans-5.1.6.RELEASE.jar:5.1.6.RELEASE]
	at org.springframework.beans.factory.support.AbstractBeanFactory.lambda$doGetBean$0(AbstractBeanFactory.java:320) ~[spring-beans-5.1.6.RELEASE.jar:5.1.6.RELEASE]
	at org.springframework.beans.factory.support.DefaultSingletonBeanRegistry.getSingleton(DefaultSingletonBeanRegistry.java:222) ~[spring-beans-5.1.6.RELEASE.jar:5.1.6.RELEASE]
	at org.springframework.beans.factory.support.AbstractBeanFactory.doGetBean(AbstractBeanFactory.java:318) ~[spring-beans-5.1.6.RELEASE.jar:5.1.6.RELEASE]
	at org.springframework.beans.factory.support.AbstractBeanFactory.getBean(AbstractBeanFactory.java:199) ~[spring-beans-5.1.6.RELEASE.jar:5.1.6.RELEASE]
	at org.springframework.beans.factory.support.DefaultListableBeanFactory.preInstantiateSingletons(DefaultListableBeanFactory.java:849) ~[spring-beans-5.1.6.RELEASE.jar:5.1.6.RELEASE]
	at org.springframework.context.support.AbstractApplicationContext.finishBeanFactoryInitialization(AbstractApplicationContext.java:877) ~[spring-context-5.1.6.RELEASE.jar:5.1.6.RELEASE]
	at org.springframework.context.support.AbstractApplicationContext.refresh(AbstractApplicationContext.java:549) ~[spring-context-5.1.6.RELEASE.jar:5.1.6.RELEASE]
	at org.springframework.boot.web.servlet.context.ServletWebServerApplicationContext.refresh(ServletWebServerApplicationContext.java:142) ~[spring-boot-2.1.4.RELEASE.jar:2.1.4.RELEASE]
	at org.springframework.boot.SpringApplication.refresh(SpringApplication.java:775) [spring-boot-2.1.4.RELEASE.jar:2.1.4.RELEASE]
	at org.springframework.boot.SpringApplication.refreshContext(SpringApplication.java:397) [spring-boot-2.1.4.RELEASE.jar:2.1.4.RELEASE]
	at org.springframework.boot.SpringApplication.run(SpringApplication.java:316) [spring-boot-2.1.4.RELEASE.jar:2.1.4.RELEASE]
	at org.springframework.boot.SpringApplication.run(SpringApplication.java:1260) [spring-boot-2.1.4.RELEASE.jar:2.1.4.RELEASE]
	at org.springframework.boot.SpringApplication.run(SpringApplication.java:1248) [spring-boot-2.1.4.RELEASE.jar:2.1.4.RELEASE]
	at com.ml.community.CommunityApplication.main(CommunityApplication.java:14) [classes/:na]
	at sun.reflect.NativeMethodAccessorImpl.invoke0(Native Method) ~[na:1.8.0_231]
	at sun.reflect.NativeMethodAccessorImpl.invoke(NativeMethodAccessorImpl.java:62) ~[na:1.8.0_231]
	at sun.reflect.DelegatingMethodAccessorImpl.invoke(DelegatingMethodAccessorImpl.java:43) ~[na:1.8.0_231]
	at java.lang.reflect.Method.invoke(Method.java:498) ~[na:1.8.0_231]
	at org.springframework.boot.devtools.restart.RestartLauncher.run(RestartLauncher.java:49) [spring-boot-devtools-2.1.4.RELEASE.jar:2.1.4.RELEASE]
Caused by: org.springframework.beans.factory.BeanCreationException: Error creating bean with name 'commentService' defined in file [C:\Users\小老鼠UFO\Desktop\community\target\classes\com\ml\community\service\CommentService.class]: Post-processing of merged bean definition failed; nested exception is java.lang.IllegalStateException: Failed to introspect Class [com.ml.community.service.CommentService] from ClassLoader [org.springframework.boot.devtools.restart.classloader.RestartClassLoader@416d53fd]
	at org.springframework.beans.factory.support.AbstractAutowireCapableBeanFactory.doCreateBean(AbstractAutowireCapableBeanFactory.java:570) ~[spring-beans-5.1.6.RELEASE.jar:5.1.6.RELEASE]
	at org.springframework.beans.factory.support.AbstractAutowireCapableBeanFactory.createBean(AbstractAutowireCapableBeanFactory.java:515) ~[spring-beans-5.1.6.RELEASE.jar:5.1.6.RELEASE]
	at org.springframework.beans.factory.support.AbstractBeanFactory.lambda$doGetBean$0(AbstractBeanFactory.java:320) ~[spring-beans-5.1.6.RELEASE.jar:5.1.6.RELEASE]
	at org.springframework.beans.factory.support.DefaultSingletonBeanRegistry.getSingleton(DefaultSingletonBeanRegistry.java:222) ~[spring-beans-5.1.6.RELEASE.jar:5.1.6.RELEASE]
	at org.springframework.beans.factory.support.AbstractBeanFactory.doGetBean(AbstractBeanFactory.java:318) ~[spring-beans-5.1.6.RELEASE.jar:5.1.6.RELEASE]
	at org.springframework.beans.factory.support.AbstractBeanFactory.getBean(AbstractBeanFactory.java:199) ~[spring-beans-5.1.6.RELEASE.jar:5.1.6.RELEASE]
	at org.springframework.beans.factory.config.DependencyDescriptor.resolveCandidate(DependencyDescriptor.java:277) ~[spring-beans-5.1.6.RELEASE.jar:5.1.6.RELEASE]
	at org.springframework.beans.factory.support.DefaultListableBeanFactory.doResolveDependency(DefaultListableBeanFactory.java:1247) ~[spring-beans-5.1.6.RELEASE.jar:5.1.6.RELEASE]
	at org.springframework.beans.factory.support.DefaultListableBeanFactory.resolveDependency(DefaultListableBeanFactory.java:1167) ~[spring-beans-5.1.6.RELEASE.jar:5.1.6.RELEASE]
	at org.springframework.beans.factory.annotation.AutowiredAnnotationBeanPostProcessor$AutowiredFieldElement.inject(AutowiredAnnotationBeanPostProcessor.java:593) ~[spring-beans-5.1.6.RELEASE.jar:5.1.6.RELEASE]
	... 24 common frames omitted
Caused by: java.lang.IllegalStateException: Failed to introspect Class [com.ml.community.service.CommentService] from ClassLoader [org.springframework.boot.devtools.restart.classloader.RestartClassLoader@416d53fd]
	at org.springframework.util.ReflectionUtils.getDeclaredFields(ReflectionUtils.java:768) ~[spring-core-5.1.6.RELEASE.jar:5.1.6.RELEASE]
	at org.springframework.util.ReflectionUtils.doWithLocalFields(ReflectionUtils.java:700) ~[spring-core-5.1.6.RELEASE.jar:5.1.6.RELEASE]
	at org.springframework.context.annotation.CommonAnnotationBeanPostProcessor.buildResourceMetadata(CommonAnnotationBeanPostProcessor.java:365) ~[spring-context-5.1.6.RELEASE.jar:5.1.6.RELEASE]
	at org.springframework.context.annotation.CommonAnnotationBeanPostProcessor.findResourceMetadata(CommonAnnotationBeanPostProcessor.java:350) ~[spring-context-5.1.6.RELEASE.jar:5.1.6.RELEASE]
	at org.springframework.context.annotation.CommonAnnotationBeanPostProcessor.postProcessMergedBeanDefinition(CommonAnnotationBeanPostProcessor.java:298) ~[spring-context-5.1.6.RELEASE.jar:5.1.6.RELEASE]
	at org.springframework.beans.factory.support.AbstractAutowireCapableBeanFactory.applyMergedBeanDefinitionPostProcessors(AbstractAutowireCapableBeanFactory.java:1077) ~[spring-beans-5.1.6.RELEASE.jar:5.1.6.RELEASE]
	at org.springframework.beans.factory.support.AbstractAutowireCapableBeanFactory.doCreateBean(AbstractAutowireCapableBeanFactory.java:567) ~[spring-beans-5.1.6.RELEASE.jar:5.1.6.RELEASE]
	... 33 common frames omitted
Caused by: java.lang.NoClassDefFoundError: Lcom/ml/community/mapper/QuestionMapper;
	at java.lang.Class.getDeclaredFields0(Native Method) ~[na:1.8.0_231]
	at java.lang.Class.privateGetDeclaredFields(Class.java:2583) ~[na:1.8.0_231]
	at java.lang.Class.getDeclaredFields(Class.java:1916) ~[na:1.8.0_231]
	at org.springframework.util.ReflectionUtils.getDeclaredFields(ReflectionUtils.java:763) ~[spring-core-5.1.6.RELEASE.jar:5.1.6.RELEASE]
	... 39 common frames omitted
Caused by: java.lang.ClassNotFoundException: com.ml.community.mapper.QuestionMapper
	at java.net.URLClassLoader.findClass(URLClassLoader.java:382) ~[na:1.8.0_231]
	at java.lang.ClassLoader.loadClass(ClassLoader.java:418) ~[na:1.8.0_231]
	at sun.misc.Launcher$AppClassLoader.loadClass(Launcher.java:355) ~[na:1.8.0_231]
	at java.lang.ClassLoader.loadClass(ClassLoader.java:351) ~[na:1.8.0_231]
	at org.springframework.boot.devtools.restart.classloader.RestartClassLoader.loadClass(RestartClassLoader.java:148) ~[spring-boot-devtools-2.1.4.RELEASE.jar:2.1.4.RELEASE]
	at java.lang.ClassLoader.loadClass(ClassLoader.java:351) ~[na:1.8.0_231]
	... 43 common frames omitted

2020-01-14 18:26:56.230  INFO 17968 --- [restartedMain] com.ml.community.CommunityApplication    : Starting CommunityApplication on LAPTOP-NQEOSE1A with PID 17968 (started by 小老鼠UFO in C:\Users\小老鼠UFO\Desktop\community)
2020-01-14 18:26:56.233  INFO 17968 --- [restartedMain] com.ml.community.CommunityApplication    : No active profile set, falling back to default profiles: default
2020-01-14 18:26:56.306  INFO 17968 --- [restartedMain] .e.DevToolsPropertyDefaultsPostProcessor : Devtools property defaults active! Set 'spring.devtools.add-properties' to 'false' to disable
2020-01-14 18:26:56.306  INFO 17968 --- [restartedMain] .e.DevToolsPropertyDefaultsPostProcessor : For additional web related logging consider setting the 'logging.level.web' property to 'DEBUG'
2020-01-14 18:26:57.934  INFO 17968 --- [restartedMain] o.s.b.w.embedded.tomcat.TomcatWebServer  : Tomcat initialized with port(s): 8887 (http)
2020-01-14 18:26:57.958  INFO 17968 --- [restartedMain] o.apache.catalina.core.StandardService   : Starting service [Tomcat]
2020-01-14 18:26:57.958  INFO 17968 --- [restartedMain] org.apache.catalina.core.StandardEngine  : Starting Servlet engine: [Apache Tomcat/9.0.17]
2020-01-14 18:26:57.964  INFO 17968 --- [restartedMain] o.a.catalina.core.AprLifecycleListener   : An older version [1.2.16] of the APR based Apache Tomcat Native library is installed, while Tomcat recommends a minimum version of [1.2.21]
2020-01-14 18:26:57.965  INFO 17968 --- [restartedMain] o.a.catalina.core.AprLifecycleListener   : Loaded APR based Apache Tomcat Native library [1.2.16] using APR version [1.6.3].
2020-01-14 18:26:57.965  INFO 17968 --- [restartedMain] o.a.catalina.core.AprLifecycleListener   : APR capabilities: IPv6 [true], sendfile [true], accept filters [false], random [true].
2020-01-14 18:26:57.965  INFO 17968 --- [restartedMain] o.a.catalina.core.AprLifecycleListener   : APR/OpenSSL configuration: useAprConnector [false], useOpenSSL [true]
2020-01-14 18:26:59.021  INFO 17968 --- [restartedMain] o.a.catalina.core.AprLifecycleListener   : OpenSSL successfully initialized [OpenSSL 1.0.2m  2 Nov 2017]
2020-01-14 18:26:59.146  INFO 17968 --- [restartedMain] o.a.c.c.C.[Tomcat].[localhost].[/]       : Initializing Spring embedded WebApplicationContext
2020-01-14 18:26:59.146  INFO 17968 --- [restartedMain] o.s.web.context.ContextLoader            : Root WebApplicationContext: initialization completed in 2840 ms
2020-01-14 18:26:59.847  INFO 17968 --- [restartedMain] o.s.s.concurrent.ThreadPoolTaskExecutor  : Initializing ExecutorService 'applicationTaskExecutor'
2020-01-14 18:26:59.975  INFO 17968 --- [restartedMain] o.s.b.a.w.s.WelcomePageHandlerMapping    : Adding welcome page template: index
2020-01-14 18:27:00.076  INFO 17968 --- [restartedMain] o.s.s.c.ThreadPoolTaskScheduler          : Initializing ExecutorService 'taskScheduler'
2020-01-14 18:27:00.508  INFO 17968 --- [restartedMain] o.s.b.d.a.OptionalLiveReloadServer       : LiveReload server is running on port 35729
2020-01-14 18:27:00.535  INFO 17968 --- [scheduling-1] com.ml.community.schedule.HotTagTasks    : hotTagSchedule start Tue Jan 14 18:27:00 CST 2020
2020-01-14 18:27:00.559  INFO 17968 --- [restartedMain] o.s.b.w.embedded.tomcat.TomcatWebServer  : Tomcat started on port(s): 8887 (http) with context path ''
2020-01-14 18:27:00.562  INFO 17968 --- [restartedMain] com.ml.community.CommunityApplication    : Started CommunityApplication in 4.709 seconds (JVM running for 6.179)
2020-01-14 18:27:00.571  INFO 17968 --- [scheduling-1] com.zaxxer.hikari.HikariDataSource       : HikariPool-1 - Starting...
2020-01-14 18:27:00.670  INFO 17968 --- [scheduling-1] com.zaxxer.hikari.HikariDataSource       : HikariPool-1 - Start completed.
2020-01-14 18:27:00.711  INFO 17968 --- [scheduling-1] com.ml.community.schedule.HotTagTasks    : hotTagSchedule stop Tue Jan 14 18:27:00 CST 2020
2020-01-14 18:27:13.830  INFO 17968 --- [http-nio-8887-exec-1] o.a.c.c.C.[Tomcat].[localhost].[/]       : Initializing Spring DispatcherServlet 'dispatcherServlet'
2020-01-14 18:27:13.831  INFO 17968 --- [http-nio-8887-exec-1] o.s.web.servlet.DispatcherServlet        : Initializing Servlet 'dispatcherServlet'
2020-01-14 18:27:13.839  INFO 17968 --- [http-nio-8887-exec-1] o.s.web.servlet.DispatcherServlet        : Completed initialization in 8 ms
2020-01-14 19:13:00.930  INFO 17968 --- [Thread-13] o.s.s.c.ThreadPoolTaskScheduler          : Shutting down ExecutorService 'taskScheduler'
2020-01-14 19:13:00.932  INFO 17968 --- [Thread-13] o.s.s.concurrent.ThreadPoolTaskExecutor  : Shutting down ExecutorService 'applicationTaskExecutor'
2020-01-14 19:13:00.933  INFO 17968 --- [Thread-13] com.zaxxer.hikari.HikariDataSource       : HikariPool-1 - Shutdown initiated...
2020-01-14 19:13:00.939  INFO 17968 --- [Thread-13] com.zaxxer.hikari.HikariDataSource       : HikariPool-1 - Shutdown completed.
2020-01-14 19:13:01.895  INFO 17968 --- [restartedMain] com.ml.community.CommunityApplication    : Starting CommunityApplication on LAPTOP-NQEOSE1A with PID 17968 (started by 小老鼠UFO in C:\Users\小老鼠UFO\Desktop\community)
2020-01-14 19:13:01.896  INFO 17968 --- [restartedMain] com.ml.community.CommunityApplication    : No active profile set, falling back to default profiles: default
2020-01-14 19:13:02.453  INFO 17968 --- [restartedMain] o.s.b.w.embedded.tomcat.TomcatWebServer  : Tomcat initialized with port(s): 8887 (http)
2020-01-14 19:13:02.454  INFO 17968 --- [restartedMain] o.apache.catalina.core.StandardService   : Starting service [Tomcat]
2020-01-14 19:13:02.454  INFO 17968 --- [restartedMain] org.apache.catalina.core.StandardEngine  : Starting Servlet engine: [Apache Tomcat/9.0.17]
2020-01-14 19:13:02.455  INFO 17968 --- [restartedMain] o.a.catalina.core.AprLifecycleListener   : An older version [1.2.16] of the APR based Apache Tomcat Native library is installed, while Tomcat recommends a minimum version of [1.2.21]
2020-01-14 19:13:02.455  INFO 17968 --- [restartedMain] o.a.catalina.core.AprLifecycleListener   : Loaded APR based Apache Tomcat Native library [1.2.16] using APR version [1.6.3].
2020-01-14 19:13:02.455  INFO 17968 --- [restartedMain] o.a.catalina.core.AprLifecycleListener   : APR capabilities: IPv6 [true], sendfile [true], accept filters [false], random [true].
2020-01-14 19:13:02.455  INFO 17968 --- [restartedMain] o.a.catalina.core.AprLifecycleListener   : APR/OpenSSL configuration: useAprConnector [false], useOpenSSL [true]
2020-01-14 19:13:02.455  INFO 17968 --- [restartedMain] o.a.catalina.core.AprLifecycleListener   : OpenSSL successfully initialized [OpenSSL 1.0.2m  2 Nov 2017]
2020-01-14 19:13:02.497  INFO 17968 --- [restartedMain] o.a.c.c.C.[Tomcat].[localhost].[/]       : Initializing Spring embedded WebApplicationContext
2020-01-14 19:13:02.497  INFO 17968 --- [restartedMain] o.s.web.context.ContextLoader            : Root WebApplicationContext: initialization completed in 598 ms
2020-01-14 19:13:02.725  INFO 17968 --- [restartedMain] o.s.s.concurrent.ThreadPoolTaskExecutor  : Initializing ExecutorService 'applicationTaskExecutor'
2020-01-14 19:13:02.768  INFO 17968 --- [restartedMain] o.s.b.a.w.s.WelcomePageHandlerMapping    : Adding welcome page template: index
2020-01-14 19:13:02.793  INFO 17968 --- [restartedMain] o.s.s.c.ThreadPoolTaskScheduler          : Initializing ExecutorService 'taskScheduler'
2020-01-14 19:13:03.186  INFO 17968 --- [restartedMain] o.s.b.d.a.OptionalLiveReloadServer       : LiveReload server is running on port 35729
2020-01-14 19:13:03.202  INFO 17968 --- [scheduling-1] com.ml.community.schedule.HotTagTasks    : hotTagSchedule start Tue Jan 14 19:13:03 CST 2020
2020-01-14 19:13:03.206  INFO 17968 --- [restartedMain] o.s.b.w.embedded.tomcat.TomcatWebServer  : Tomcat started on port(s): 8887 (http) with context path ''
2020-01-14 19:13:03.207  INFO 17968 --- [restartedMain] com.ml.community.CommunityApplication    : Started CommunityApplication in 1.357 seconds (JVM running for 2768.824)
2020-01-14 19:13:03.207  INFO 17968 --- [scheduling-1] com.zaxxer.hikari.HikariDataSource       : HikariPool-2 - Starting...
2020-01-14 19:13:03.210  INFO 17968 --- [restartedMain] .ConditionEvaluationDeltaLoggingListener : Condition evaluation unchanged
2020-01-14 19:13:03.212  INFO 17968 --- [scheduling-1] com.zaxxer.hikari.HikariDataSource       : HikariPool-2 - Start completed.
2020-01-14 19:13:03.216  INFO 17968 --- [scheduling-1] com.ml.community.schedule.HotTagTasks    : hotTagSchedule stop Tue Jan 14 19:13:03 CST 2020
2020-01-14 19:13:12.501  INFO 17968 --- [Thread-21] o.s.s.c.ThreadPoolTaskScheduler          : Shutting down ExecutorService 'taskScheduler'
2020-01-14 19:13:12.502  INFO 17968 --- [Thread-21] o.s.s.concurrent.ThreadPoolTaskExecutor  : Shutting down ExecutorService 'applicationTaskExecutor'
2020-01-14 19:13:12.503  INFO 17968 --- [Thread-21] com.zaxxer.hikari.HikariDataSource       : HikariPool-2 - Shutdown initiated...
2020-01-14 19:13:12.507  INFO 17968 --- [Thread-21] com.zaxxer.hikari.HikariDataSource       : HikariPool-2 - Shutdown completed.
2020-01-14 19:13:13.572  INFO 17968 --- [restartedMain] com.ml.community.CommunityApplication    : Starting CommunityApplication on LAPTOP-NQEOSE1A with PID 17968 (started by 小老鼠UFO in C:\Users\小老鼠UFO\Desktop\community)
2020-01-14 19:13:13.572  INFO 17968 --- [restartedMain] com.ml.community.CommunityApplication    : No active profile set, falling back to default profiles: default
2020-01-14 19:13:14.162  INFO 17968 --- [restartedMain] o.s.b.w.embedded.tomcat.TomcatWebServer  : Tomcat initialized with port(s): 8887 (http)
2020-01-14 19:13:14.163  INFO 17968 --- [restartedMain] o.apache.catalina.core.StandardService   : Starting service [Tomcat]
2020-01-14 19:13:14.163  INFO 17968 --- [restartedMain] org.apache.catalina.core.StandardEngine  : Starting Servlet engine: [Apache Tomcat/9.0.17]
2020-01-14 19:13:14.163  INFO 17968 --- [restartedMain] o.a.catalina.core.AprLifecycleListener   : An older version [1.2.16] of the APR based Apache Tomcat Native library is installed, while Tomcat recommends a minimum version of [1.2.21]
2020-01-14 19:13:14.164  INFO 17968 --- [restartedMain] o.a.catalina.core.AprLifecycleListener   : Loaded APR based Apache Tomcat Native library [1.2.16] using APR version [1.6.3].
2020-01-14 19:13:14.164  INFO 17968 --- [restartedMain] o.a.catalina.core.AprLifecycleListener   : APR capabilities: IPv6 [true], sendfile [true], accept filters [false], random [true].
2020-01-14 19:13:14.164  INFO 17968 --- [restartedMain] o.a.catalina.core.AprLifecycleListener   : APR/OpenSSL configuration: useAprConnector [false], useOpenSSL [true]
2020-01-14 19:13:14.164  INFO 17968 --- [restartedMain] o.a.catalina.core.AprLifecycleListener   : OpenSSL successfully initialized [OpenSSL 1.0.2m  2 Nov 2017]
2020-01-14 19:13:14.189  INFO 17968 --- [restartedMain] o.a.c.c.C.[Tomcat].[localhost].[/]       : Initializing Spring embedded WebApplicationContext
2020-01-14 19:13:14.189  INFO 17968 --- [restartedMain] o.s.web.context.ContextLoader            : Root WebApplicationContext: initialization completed in 613 ms
2020-01-14 19:13:14.426  INFO 17968 --- [restartedMain] o.s.s.concurrent.ThreadPoolTaskExecutor  : Initializing ExecutorService 'applicationTaskExecutor'
2020-01-14 19:13:14.473  INFO 17968 --- [restartedMain] o.s.b.a.w.s.WelcomePageHandlerMapping    : Adding welcome page template: index
2020-01-14 19:13:14.504  INFO 17968 --- [restartedMain] o.s.s.c.ThreadPoolTaskScheduler          : Initializing ExecutorService 'taskScheduler'
2020-01-14 19:13:14.915  INFO 17968 --- [restartedMain] o.s.b.d.a.OptionalLiveReloadServer       : LiveReload server is running on port 35729
2020-01-14 19:13:14.930  INFO 17968 --- [scheduling-1] com.ml.community.schedule.HotTagTasks    : hotTagSchedule start Tue Jan 14 19:13:14 CST 2020
2020-01-14 19:13:14.934  INFO 17968 --- [restartedMain] o.s.b.w.embedded.tomcat.TomcatWebServer  : Tomcat started on port(s): 8887 (http) with context path ''
2020-01-14 19:13:14.935  INFO 17968 --- [scheduling-1] com.zaxxer.hikari.HikariDataSource       : HikariPool-3 - Starting...
2020-01-14 19:13:14.935  INFO 17968 --- [restartedMain] com.ml.community.CommunityApplication    : Started CommunityApplication in 1.41 seconds (JVM running for 2780.552)
2020-01-14 19:13:14.938  INFO 17968 --- [restartedMain] .ConditionEvaluationDeltaLoggingListener : Condition evaluation unchanged
2020-01-14 19:13:14.938  INFO 17968 --- [scheduling-1] com.zaxxer.hikari.HikariDataSource       : HikariPool-3 - Start completed.
2020-01-14 19:13:14.941  INFO 17968 --- [scheduling-1] com.ml.community.schedule.HotTagTasks    : hotTagSchedule stop Tue Jan 14 19:13:14 CST 2020
2020-01-14 19:20:23.311  INFO 18656 --- [restartedMain] com.ml.community.CommunityApplication    : Starting CommunityApplication on LAPTOP-NQEOSE1A with PID 18656 (started by 小老鼠UFO in C:\Users\小老鼠UFO\Desktop\community)
2020-01-14 19:20:23.314  INFO 18656 --- [restartedMain] com.ml.community.CommunityApplication    : No active profile set, falling back to default profiles: default
2020-01-14 19:20:23.359  INFO 18656 --- [restartedMain] .e.DevToolsPropertyDefaultsPostProcessor : Devtools property defaults active! Set 'spring.devtools.add-properties' to 'false' to disable
2020-01-14 19:20:23.359  INFO 18656 --- [restartedMain] .e.DevToolsPropertyDefaultsPostProcessor : For additional web related logging consider setting the 'logging.level.web' property to 'DEBUG'
2020-01-14 19:20:24.976  INFO 18656 --- [restartedMain] o.s.b.w.embedded.tomcat.TomcatWebServer  : Tomcat initialized with port(s): 8887 (http)
2020-01-14 19:20:24.998  INFO 18656 --- [restartedMain] o.apache.catalina.core.StandardService   : Starting service [Tomcat]
2020-01-14 19:20:24.999  INFO 18656 --- [restartedMain] org.apache.catalina.core.StandardEngine  : Starting Servlet engine: [Apache Tomcat/9.0.17]
2020-01-14 19:20:25.005  INFO 18656 --- [restartedMain] o.a.catalina.core.AprLifecycleListener   : An older version [1.2.16] of the APR based Apache Tomcat Native library is installed, while Tomcat recommends a minimum version of [1.2.21]
2020-01-14 19:20:25.006  INFO 18656 --- [restartedMain] o.a.catalina.core.AprLifecycleListener   : Loaded APR based Apache Tomcat Native library [1.2.16] using APR version [1.6.3].
2020-01-14 19:20:25.006  INFO 18656 --- [restartedMain] o.a.catalina.core.AprLifecycleListener   : APR capabilities: IPv6 [true], sendfile [true], accept filters [false], random [true].
2020-01-14 19:20:25.006  INFO 18656 --- [restartedMain] o.a.catalina.core.AprLifecycleListener   : APR/OpenSSL configuration: useAprConnector [false], useOpenSSL [true]
2020-01-14 19:20:26.076  INFO 18656 --- [restartedMain] o.a.catalina.core.AprLifecycleListener   : OpenSSL successfully initialized [OpenSSL 1.0.2m  2 Nov 2017]
2020-01-14 19:20:26.199  INFO 18656 --- [restartedMain] o.a.c.c.C.[Tomcat].[localhost].[/]       : Initializing Spring embedded WebApplicationContext
2020-01-14 19:20:26.199  INFO 18656 --- [restartedMain] o.s.web.context.ContextLoader            : Root WebApplicationContext: initialization completed in 2840 ms
2020-01-14 19:20:26.871  INFO 18656 --- [restartedMain] o.s.s.concurrent.ThreadPoolTaskExecutor  : Initializing ExecutorService 'applicationTaskExecutor'
2020-01-14 19:20:26.994  INFO 18656 --- [restartedMain] o.s.b.a.w.s.WelcomePageHandlerMapping    : Adding welcome page template: index
2020-01-14 19:20:27.090  INFO 18656 --- [restartedMain] o.s.s.c.ThreadPoolTaskScheduler          : Initializing ExecutorService 'taskScheduler'
2020-01-14 19:20:27.506  INFO 18656 --- [restartedMain] o.s.b.d.a.OptionalLiveReloadServer       : LiveReload server is running on port 35729
2020-01-14 19:20:27.536  INFO 18656 --- [scheduling-1] com.ml.community.schedule.HotTagTasks    : hotTagSchedule start Tue Jan 14 19:20:27 CST 2020
2020-01-14 19:20:27.561  INFO 18656 --- [restartedMain] o.s.b.w.embedded.tomcat.TomcatWebServer  : Tomcat started on port(s): 8887 (http) with context path ''
2020-01-14 19:20:27.565  INFO 18656 --- [restartedMain] com.ml.community.CommunityApplication    : Started CommunityApplication in 4.63 seconds (JVM running for 6.027)
2020-01-14 19:20:27.572  INFO 18656 --- [scheduling-1] com.zaxxer.hikari.HikariDataSource       : HikariPool-1 - Starting...
2020-01-14 19:20:27.670  INFO 18656 --- [scheduling-1] com.zaxxer.hikari.HikariDataSource       : HikariPool-1 - Start completed.
2020-01-14 19:20:27.711  INFO 18656 --- [scheduling-1] com.ml.community.schedule.HotTagTasks    : hotTagSchedule stop Tue Jan 14 19:20:27 CST 2020
2020-01-14 19:20:38.501  INFO 18656 --- [http-nio-8887-exec-1] o.a.c.c.C.[Tomcat].[localhost].[/]       : Initializing Spring DispatcherServlet 'dispatcherServlet'
2020-01-14 19:20:38.502  INFO 18656 --- [http-nio-8887-exec-1] o.s.web.servlet.DispatcherServlet        : Initializing Servlet 'dispatcherServlet'
2020-01-14 19:20:38.511  INFO 18656 --- [http-nio-8887-exec-1] o.s.web.servlet.DispatcherServlet        : Completed initialization in 9 ms
